#-----------------------------------------------------------
# Vivado v2014.3 (64-bit)
# SW Build 1034051 on Fri Oct  3 16:32:59 MDT 2014
# IP Build 1028902 on Fri Sep 26 17:35:13 MDT 2014
# Start of session at: Sat Nov 22 14:34:35 2014
# Process ID: 6933
# Log file: /wrk/paeg/users/keshava/ultrascale/2014.3/release/package/kcu105_axis_dataplane/hardware/vivado/runs_2x10g/kcu105_axis_dataplane_2x10G/vivado.log
# Journal file: /wrk/paeg/users/keshava/ultrascale/2014.3/release/package/kcu105_axis_dataplane/hardware/vivado/runs_2x10g/kcu105_axis_dataplane_2x10G/vivado.jou
#-----------------------------------------------------------
Sourcing tcl script '/home/keshava/.Xilinx/Vivado/init.tcl'
source "/home/keshava/.Xilinx/Vivado/init.tcl"
start_gui
open_project kcu105_axis_dataplane_2x10G.xpr
Scanning sources...
Finished scanning sources
INFO: [IP_Flow 19-234] Refreshing IP repositories
INFO: [IP_Flow 19-1700] Loaded user IP repository '/wrk/paeg/users/keshava/ultrascale/2014.3/release/package/kcu105_axis_dataplane/hardware/sources/ip_package'.
WARNING: [IP_Flow 19-3685] Ignored loading user repository '/wrk/paeg/users/keshava/ultrascale/2014.3/release/package/kcu105_axis_dataplane/hardware/sources/ip_package/hw_sgl_prepare_v1_0'. The path is contained within another repository.
INFO: [IP_Flow 19-2313] Loaded Vivado IP repository '/proj/xbuilds/2014.3_1004_1/installs/lin64/Vivado/2014.3/data/ip'.
open_project: Time (s): cpu = 00:00:29 ; elapsed = 00:00:27 . Memory (MB): peak = 5889.418 ; gain = 169.777 ; free physical = 8588 ; free virtual = 37175
open_bd_design {/wrk/paeg/users/keshava/ultrascale/2014.3/release/package/kcu105_axis_dataplane/hardware/vivado/runs_2x10g/kcu105_axis_dataplane_2x10G/kcu105_axis_dataplane_2x10G.srcs/sources_1/bd/kcu105_2x10G/kcu105_2x10G.bd}
Adding component instance block -- xilinx.com:ip:axi_perf_mon:5.0 - axi_perf_mon_1
Adding component instance block -- xilinx.com:ip:xlslice:1.0 - ch_reset_0
Adding component instance block -- xilinx.com:ip:xlslice:1.0 - ch_reset_1
Adding component instance block -- xilinx.com:ip:xlslice:1.0 - ch_reset_2
Adding component instance block -- xilinx.com:ip:xlslice:1.0 - ch_reset_3
Adding component instance block -- xilinx.com:user:nwl_dma_x8g2_wrapper:1.0 - nwl_dma_x8g2_wrapper_0
Adding component instance block -- xilinx.com:ip:pcie3_ultrascale:3.1 - pcie3_ultrascale_0
Adding component instance block -- xilinx.com:ip:pcie_mon_gen3_128bit:1.0 - pcie_mon_gen3_128bit_0
Adding component instance block -- xilinx.com:user:pvtmon_axi_slave:1.0 - pvtmon_axi_slave_0
Adding component instance block -- xilinx.com:user:user_axilite_control:1.0 - user_axilite_control_0
Adding component instance block -- xilinx.com:ip:hw_sgl_prepare:1.0 - hw_sgl_prepare_0
Adding component instance block -- xilinx.com:ip:hw_sgl_prepare:1.0 - hw_sgl_prepare_1
Adding component instance block -- xilinx.com:ip:proc_sys_reset:5.0 - proc_sys_reset_0
Adding component instance block -- xilinx.com:ip:util_vector_logic:1.0 - util_vector_logic_0
Adding component instance block -- xilinx.com:ip:axi_crossbar:2.1 - xbar
Adding component instance block -- xilinx.com:ip:axi_data_fifo:2.1 - m02_data_fifo
Adding component instance block -- xilinx.com:ip:axi_data_fifo:2.1 - m01_data_fifo
Adding component instance block -- xilinx.com:ip:axi_register_slice:2.1 - m00_regslice
Adding component instance block -- xilinx.com:ip:axi_data_fifo:2.1 - s00_data_fifo
Adding component instance block -- xilinx.com:ip:hw_sgl_submit_4ch:1.0 - hw_sgl_submit_0
Adding component instance block -- xilinx.com:ip:xlslice:1.0 - sgl_done_1_0
Adding component instance block -- xilinx.com:ip:xlslice:1.0 - sgl_done_3_2
Adding component instance block -- xilinx.com:ip:xlslice:1.0 - sgl_error_1_0
Adding component instance block -- xilinx.com:ip:xlslice:1.0 - sgl_error_3_2
Adding component instance block -- xilinx.com:ip:xlconcat:2.1 - xlconcat_0
Adding component instance block -- xilinx.com:ip:xlconcat:2.1 - xlconcat_1
Adding component instance block -- xilinx.com:ip:xlconstant:1.1 - logic_high
Adding component instance block -- xilinx.com:ip:xlconstant:1.1 - logic_low
Adding component instance block -- xilinx.com:ip:xlconstant:1.1 - logic_low_8bit
Adding component instance block -- xilinx.com:ip:util_vector_logic:1.0 - reset_156_inv
Adding component instance block -- xilinx.com:ip:axis_clock_converter:1.1 - clk_250_to_156
Adding component instance block -- xilinx.com:ip:axis_dwidth_converter:1.1 - dwidth_128_to_64bit
Adding component instance block -- xilinx.com:ip:fifo_generator:12.0 - tx_packet_fifo
INFO: [xilinx.com:ip:fifo_generator:12.0-5968] /eth_pipe_1/s2c_dre/tx_packet_fifoExecuting the post_config_ip from bd
Adding component instance block -- xilinx.com:ip:ten_gig_eth_mac:14.0 - ten_gig_eth_mac_ch1
Adding component instance block -- xilinx.com:ip:ten_gig_eth_pcs_pma:5.0 - ten_gig_eth_pcs_pma_ch1
Adding component instance block -- xilinx.com:ip:xlconstant:1.1 - xlconstant_high_2_0
Adding component instance block -- xilinx.com:ip:axis_clock_converter:1.1 - axis_clock_converter_0
Adding component instance block -- xilinx.com:ip:axis_dwidth_converter:1.1 - axis_dwidth_converter_0
Adding component instance block -- xilinx.com:user:rx_interface:1.0 - rx_interface_0
Adding component instance block -- xilinx.com:ip:xlconstant:1.1 - logic_high
Adding component instance block -- xilinx.com:ip:xlconstant:1.1 - logic_low
Adding component instance block -- xilinx.com:ip:xlconstant:1.1 - logic_low_8bit
Adding component instance block -- xilinx.com:ip:util_vector_logic:1.0 - reset_156_inv
Adding component instance block -- xilinx.com:ip:axis_clock_converter:1.1 - clk_250_to_156
Adding component instance block -- xilinx.com:ip:axis_dwidth_converter:1.1 - dwidth_128_to_64bit
Adding component instance block -- xilinx.com:ip:fifo_generator:12.0 - tx_packet_fifo
INFO: [xilinx.com:ip:fifo_generator:12.0-5968] /eth_pipe_0/s2c_dre/tx_packet_fifoExecuting the post_config_ip from bd
Adding component instance block -- xilinx.com:ip:ten_gig_eth_mac:14.0 - ten_gig_eth_mac_ch0
Adding component instance block -- xilinx.com:ip:ten_gig_eth_pcs_pma:5.0 - ten_gig_eth_pcs_pma_ch0
Adding component instance block -- xilinx.com:ip:axis_clock_converter:1.1 - axis_clock_converter_0
Adding component instance block -- xilinx.com:ip:axis_dwidth_converter:1.1 - axis_dwidth_converter_0
Adding component instance block -- xilinx.com:user:rx_interface:1.0 - rx_interface_0
Adding component instance block -- xilinx.com:ip:axi_crossbar:2.1 - xbar
Adding component instance block -- xilinx.com:ip:axi_register_slice:2.1 - m04_regslice
Adding component instance block -- xilinx.com:ip:axi_dwidth_converter:2.1 - auto_ds
Adding component instance block -- xilinx.com:ip:axi_register_slice:2.1 - m03_regslice
Adding component instance block -- xilinx.com:ip:axi_clock_converter:2.1 - auto_cc
Adding component instance block -- xilinx.com:ip:axi_dwidth_converter:2.1 - auto_ds
Adding component instance block -- xilinx.com:ip:axi_register_slice:2.1 - m02_regslice
Adding component instance block -- xilinx.com:ip:axi_clock_converter:2.1 - auto_cc
Adding component instance block -- xilinx.com:ip:axi_dwidth_converter:2.1 - auto_ds
Adding component instance block -- xilinx.com:ip:axi_register_slice:2.1 - m01_regslice
Adding component instance block -- xilinx.com:ip:axi_dwidth_converter:2.1 - auto_ds
Adding component instance block -- xilinx.com:ip:axi_register_slice:2.1 - m00_regslice
Adding component instance block -- xilinx.com:ip:axi_dwidth_converter:2.1 - auto_ds
Adding component instance block -- xilinx.com:ip:axi_dwidth_converter:2.1 - auto_ds
Adding component instance block -- xilinx.com:ip:axi_protocol_converter:2.1 - auto_pc
Adding component instance block -- xilinx.com:ip:axi_register_slice:2.1 - auto_rs
Successfully read diagram <kcu105_2x10G> from BD file </wrk/paeg/users/keshava/ultrascale/2014.3/release/package/kcu105_axis_dataplane/hardware/vivado/runs_2x10g/kcu105_axis_dataplane_2x10G/kcu105_axis_dataplane_2x10G.srcs/sources_1/bd/kcu105_2x10G/kcu105_2x10G.bd>
open_bd_design: Time (s): cpu = 00:00:09 ; elapsed = 00:00:09 . Memory (MB): peak = 5908.105 ; gain = 18.660 ; free physical = 7998 ; free virtual = 36980
ipx::edit_ip_in_project -upgrade true -name rx_interface_v1_0_project -directory /wrk/paeg/users/keshava/ultrascale/2014.3/release/package/kcu105_axis_dataplane/hardware/sources/ip_package/rx_interface_v1_0/rx_interface_v1_0_project /wrk/paeg/users/keshava/ultrascale/2014.3/release/package/kcu105_axis_dataplane/hardware/sources/ip_package/rx_interface_v1_0/component.xml
INFO: [IP_Flow 19-234] Refreshing IP repositories
INFO: [IP_Flow 19-1704] No user IP repositories specified
INFO: [IP_Flow 19-2313] Loaded Vivado IP repository '/proj/xbuilds/2014.3_1004_1/installs/lin64/Vivado/2014.3/data/ip'.
create_project: Time (s): cpu = 00:00:14 ; elapsed = 00:00:06 . Memory (MB): peak = 5992.625 ; gain = 77.434 ; free physical = 9963 ; free virtual = 38140
INFO: [IP_Flow 19-234] Refreshing IP repositories
INFO: [IP_Flow 19-1700] Loaded user IP repository '/wrk/paeg/users/keshava/ultrascale/2014.3/release/package/kcu105_axis_dataplane/hardware/sources/ip_package'.
WARNING: [IP_Flow 19-3656] If you move the project, the path for repository '/wrk/paeg/users/keshava/ultrascale/2014.3/release/package/kcu105_axis_dataplane/hardware/sources/ip_package' may become invalid. A better location for the repostory would be in a path adjacent to the project. (Current project location is '/wrk/paeg/users/keshava/ultrascale/2014.3/release/package/kcu105_axis_dataplane/hardware/sources/ip_package/rx_interface_v1_0/rx_interface_v1_0_project'.)
WARNING: [IP_Flow 19-3685] Ignored loading user repository '/wrk/paeg/users/keshava/ultrascale/2014.3/release/package/kcu105_axis_dataplane/hardware/sources/ip_package/hw_sgl_prepare_v1_0'. The path is contained within another repository.
WARNING: [filemgmt 56-99] Vivado Synthesis ignores library specification for Verilog or SystemVerilog files. [/wrk/paeg/users/keshava/ultrascale/2014.3/release/package/kcu105_axis_dataplane/hardware/sources/ip_package/rx_interface_v1_0/rx_interface.srcs/sources_1/imports/network_path/rx_interface.v:]
ipx::edit_ip_in_project: Time (s): cpu = 00:00:20 ; elapsed = 00:00:13 . Memory (MB): peak = 5999.660 ; gain = 84.469 ; free physical = 9953 ; free virtual = 38137
update_compile_order -fileset sim_1
ipx::check_integrity -quiet [ipx::current_core]
ipx::archive_core /wrk/paeg/users/keshava/ultrascale/2014.3/release/hardware/sources/ip_package/rx_interface_v1_0/xilinx.com_user_rx_interface_1.0.zip [ipx::current_core]
ipx::update_ip_instances -delete_project true -set_repo_paths false
INFO: [IP_Flow 19-234] Refreshing IP repositories
INFO: [IP_Flow 19-1700] Loaded user IP repository '/wrk/paeg/users/keshava/ultrascale/2014.3/release/package/kcu105_axis_dataplane/hardware/sources/ip_package'.
WARNING: [IP_Flow 19-3685] Ignored loading user repository '/wrk/paeg/users/keshava/ultrascale/2014.3/release/package/kcu105_axis_dataplane/hardware/sources/ip_package/hw_sgl_prepare_v1_0'. The path is contained within another repository.
INFO: [IP_Flow 19-3422] Upgraded kcu105_2x10G_rx_interface_0_0 (Ethernet_rx_interface_v1_0 1.0) from revision 9 to revision 10
INFO: [IP_Flow 19-3471] Wrote upgrade log to '/wrk/paeg/users/keshava/ultrascale/2014.3/release/package/kcu105_axis_dataplane/hardware/vivado/runs_2x10g/kcu105_axis_dataplane_2x10G/kcu105_axis_dataplane_2x10G.srcs/sources_1/bd/kcu105_2x10G/ip/kcu105_2x10G_rx_interface_0_0/kcu105_2x10G_rx_interface_0_0.upgrade_log'.
INFO: [IP_Flow 19-3422] Upgraded kcu105_2x10G_rx_interface_0_1 (Ethernet_rx_interface_v1_0 1.0) from revision 9 to revision 10
INFO: [IP_Flow 19-3471] Wrote upgrade log to '/wrk/paeg/users/keshava/ultrascale/2014.3/release/package/kcu105_axis_dataplane/hardware/vivado/runs_2x10g/kcu105_axis_dataplane_2x10G/kcu105_axis_dataplane_2x10G.srcs/sources_1/bd/kcu105_2x10G/ip/kcu105_2x10G_rx_interface_0_1/kcu105_2x10G_rx_interface_0_1.upgrade_log'.
Wrote  : </wrk/paeg/users/keshava/ultrascale/2014.3/release/package/kcu105_axis_dataplane/hardware/vivado/runs_2x10g/kcu105_axis_dataplane_2x10G/kcu105_axis_dataplane_2x10G.srcs/sources_1/bd/kcu105_2x10G/kcu105_2x10G.bd> 
ipx::update_ip_instances: Time (s): cpu = 00:00:17 ; elapsed = 00:00:08 . Memory (MB): peak = 6001.660 ; gain = 0.000 ; free physical = 9934 ; free virtual = 38123
exit
INFO: [Common 17-206] Exiting Vivado at Sat Nov 22 14:38:23 2014...
